\BOOKMARK [1][]{section.0.1}{\376\377\0000\000.\0001\000\040\122\006\136\003\166\204\133\232\116\111\116\016\117\213\133\120}{}% 1
\BOOKMARK [1][]{section.0.2}{\376\377\0000\000.\0002\000\040\122\006\136\003\166\204\144\315\117\134\377\032\226\120\122\066\377\014\154\102\133\374\145\160\377\014\116\016\137\256\122\006\124\014\200\332\131\015\124\010\377\014\224\376\137\017\154\325\122\031\060\002\000S\000t\000o\000k\000e\000s\000\040\121\154\137\017\166\204\122\006\136\003\137\142\137\017\060\002}{}% 2
\BOOKMARK [2][]{subsection.0.2.1}{\376\377\0000\000.\0002\000.\0001\000\040\122\006\136\003\166\204\226\120\122\066}{section.0.2}% 3
\BOOKMARK [2][]{subsection.0.2.2}{\376\377\0000\000.\0002\000.\0002\000\040\154\102\120\117\133\374\145\160}{section.0.2}% 4
\BOOKMARK [2][]{subsection.0.2.3}{\376\377\0000\000.\0002\000.\0003\000\040\000C\000i\000n\000f\000t\000y\000\050\000O\000m\000e\000g\000a\000\051\000\040\000-\152\041\176\323\147\204}{section.0.2}% 5
\BOOKMARK [2][]{subsection.0.2.4}{\376\377\0000\000.\0002\000.\0004\000\040\122\006\136\003\166\204\136\163\171\373\124\214\123\330\221\317\146\377\143\142}{section.0.2}% 6
\BOOKMARK [2][]{subsection.0.2.5}{\376\377\0000\000.\0002\000.\0005\000\040\121\163\116\216\122\006\136\003\166\204\000\040\000S\000t\000o\000k\000e\000s\000\040\121\154\137\017}{section.0.2}% 7
\BOOKMARK [1][]{section.0.3}{\376\377\0000\000.\0003\000\040\122\006\136\003\166\204\136\224\165\050}{}% 8
\BOOKMARK [1][]{section.0.4}{\376\377\0000\000.\0004\000\040\122\006\136\003\166\204\134\100\220\350\122\073\165\073}{}% 9
\BOOKMARK [2][]{subsection.0.4.1}{\376\377\0000\000.\0004\000.\0001\000\040\123\125\117\115\122\006\211\343\133\232\164\006}{section.0.4}% 10
\BOOKMARK [2][]{subsection.0.4.2}{\376\377\0000\000.\0004\000.\0002\000\040\122\006\136\003\166\204\145\057\226\306}{section.0.4}% 11
\BOOKMARK [1][]{section.0.5}{\376\377\0000\000.\0005\000\040\000F\000o\000u\000r\000i\000e\000r\000\040\122\006\147\220\122\035\153\145}{}% 12
\BOOKMARK [2][]{subsection.0.5.1}{\376\377\0000\000.\0005\000.\0001\000\040\123\167\171\357}{section.0.5}% 13
\BOOKMARK [2][]{subsection.0.5.2}{\376\377\0000\000.\0005\000.\0002\000\040\116\377\134\004\127\120\150\007\123\330\143\142}{section.0.5}% 14
\BOOKMARK [2][]{subsection.0.5.3}{\376\377\0000\000.\0005\000.\0003\000\040\000G\000a\000u\000s\000s\000\040\121\375\145\160\166\204\000\040\000F\000o\000u\000r\000i\000e\000r\000\040\123\330\143\142}{section.0.5}% 15
\BOOKMARK [1][]{section.0.6}{\376\377\0000\000.\0006\000\040\000D\000i\000f\000f\000u\000s\000i\000o\000n}{}% 16
\BOOKMARK [2][]{subsection.0.6.1}{\376\377\0000\000.\0006\000.\0001\000\040\000C\000a\000u\000c\000h\000y\000-\000D\000i\000r\000i\000c\000h\000l\000e\000t}{section.0.6}% 17
\BOOKMARK [2][]{subsection.0.6.2}{\376\377\0000\000.\0006\000.\0002\000\040\000C\000a\000u\000c\000h\000y\000-\000N\000e\000u\000m\000a\000n\000n}{section.0.6}% 18
\BOOKMARK [2][]{subsection.0.6.3}{\376\377\0000\000.\0006\000.\0003\000\040\000C\000a\000u\000c\000h\000y\000-\000N\000e\000u\000m\000a\000n\000n\000;\000\040\000n\000o\000n\000-\000h\000o\000m\000o\000g\000e\000n\000e\000o\000u\000s\000\040\000e\000q\000u\000a\000t\000i\000o\000n}{section.0.6}% 19
\BOOKMARK [2][]{subsection.0.6.4}{\376\377\0000\000.\0006\000.\0004\000\040\000N\000o\000n\000-\000h\000o\000m\000o\000g\000e\000n\000e\000o\000u\000s\000\040\000N\000e\000u\000m\000a\000n\000n}{section.0.6}% 20
\BOOKMARK [2][]{subsection.0.6.5}{\376\377\0000\000.\0006\000.\0005\000\040\000M\000a\000x\000i\000m\000u\000m\000\040\000p\000r\000i\000n\000c\000i\000p\000l\000e}{section.0.6}% 21
\BOOKMARK [2][]{subsection.0.6.6}{\376\377\0000\000.\0006\000.\0006\000\040\000A\000s\000u\000m\000p\000t\000o\000t\000i\000c\000\040\000b\000e\000h\000a\000v\000i\000o\000u\000r}{section.0.6}% 22
\BOOKMARK [2][]{subsection.0.6.7}{\376\377\0000\000.\0006\000.\0007\000\040\000A\000p\000p\000l\000y\000i\000n\000g\000\040\000t\000h\000e\000\040\000n\000o\000t\000i\000o\000n\000\040\000o\000f\000\040\000f\000u\000n\000d\000a\000m\000e\000n\000t\000a\000l\000\040\000s\000o\000l\000u\000t\000i\000o\000n}{section.0.6}% 23
\BOOKMARK [2][]{subsection.0.6.8}{\376\377\0000\000.\0006\000.\0008\000\040\000P\000r\000o\000b\000l\000e\000m\000s\000\040\000o\000n\000\040\000t\000h\000e\000\040\000h\000a\000l\000f\000-\000l\000i\000n\000e\000;\000\040\000r\000e\000f\000l\000e\000c\000t\000i\000o\000n\000\040\000m\000e\000t\000h\000o\000d}{section.0.6}% 24
\BOOKMARK [2][]{subsection.0.6.9}{\376\377\0000\000.\0006\000.\0009\000\040\000U\000s\000e\000\040\000o\000f\000\040\000F\000o\000u\000r\000i\000e\000r\000\040\000a\000n\000d\000\040\000L\000a\000p\000l\000a\000c\000e\000\040\000t\000r\000a\000n\000s\000f\000o\000r\000m\000s}{section.0.6}% 25
\BOOKMARK [2][]{subsection.0.6.10}{\376\377\0000\000.\0006\000.\0001\0000\000\040\000F\000o\000u\000r\000i\000e\000r\000\040\000s\000i\000n\000e\000\040\000t\000r\000a\000n\000s\000f\000o\000r\000m}{section.0.6}% 26
\BOOKMARK [2][]{subsection.0.6.11}{\376\377\0000\000.\0006\000.\0001\0001\000\040\000P\000r\000o\000b\000l\000e\000m\000s\000\040\000i\000n\000\040\000d\000i\000m\000e\000n\000s\000i\000o\000n\000\040\000h\000i\000g\000h\000e\000r\000\040\000t\000h\000a\000n\000\040\000o\000n\000e}{section.0.6}% 27
\BOOKMARK [2][]{subsection.0.6.12}{\376\377\0000\000.\0006\000.\0001\0002\000\040\000F\000o\000u\000r\000i\000e\000r\000\040\000t\000r\000a\000n\000s\000f\000o\000r\000m\000\040\000o\000n\000\040\000t\000h\000e\000\040\000h\000a\000l\000f\000-\000p\000l\000a\000n\000e}{section.0.6}% 28
